<?xml version="1.0" encoding="UTF-8"?>
<!-- Generated by org.testng.reporters.JUnitXMLReporter -->
<testsuite ignored="0" hostname="DESKTOP-RINF4IV" failures="0" tests="14" name="Test" time="0.24" errors="0" timestamp="2023-08-29T22:23:04 IST">
  <testcase classname="AutomationProject.seleniumFrame.day1" name="demo" time="0.014"/>
  <testcase classname="AutomationProject.seleniumFrame.day1" name="demo" time="0.002"/>
  <testcase classname="AutomationProject.seleniumFrame.day1" name="demo" time="0.004"/>
  <testcase classname="AutomationProject.seleniumFrame.day1" name="secondTest" time="0.005"/>
  <testcase classname="AutomationProject.seleniumFrame.day2" name="carLoginAPI" time="0.004"/>
  <testcase classname="AutomationProject.seleniumFrame.day2" name="carLoginweb" time="0.006"/>
  <testcase classname="AutomationProject.seleniumFrame.day2" name="carLoginmobile" time="0.003"/>
  <testcase classname="AutomationProject.seleniumFrame.day3" name="bikeLoginAPI" time="0.006"/>
  <testcase classname="AutomationProject.seleniumFrame.day3" name="bikeLoginmobile" time="0.004"/>
  <testcase classname="AutomationProject.seleniumFrame.day4" name="apple" time="0.004"/>
  <testcase classname="AutomationProject.seleniumFrame.day4" name="weekDay" time="0.002"/>
  <testcase classname="AutomationProject.seleniumFrame.day4" name="weekDayAfter" time="0.005"/>
  <testcase classname="AutomationProject.seleniumFrame.day4" name="weekDayEvg" time="0.003"/>
  <testcase classname="AutomationProject.seleniumFrame.day4" name="weekDayMorn" time="0.005"/>
</testsuite> <!-- Test -->
