<?xml version="1.0" encoding="UTF-8"?>
<!-- Generated by org.testng.reporters.JUnitXMLReporter -->
<testsuite ignored="0" hostname="DESKTOP-RINF4IV" failures="0" tests="4" name="Default test" time="0.107" errors="0" timestamp="2023-08-21T17:41:17 IST">
  <testcase classname="AutomationProject.seleniumFrame.day1" name="demo" time="0.015"/>
  <testcase classname="AutomationProject.seleniumFrame.day1" name="demo" time="0.002"/>
  <testcase classname="AutomationProject.seleniumFrame.day1" name="demo" time="0.001"/>
  <testcase classname="AutomationProject.seleniumFrame.day1" name="secondTest" time="0.004"/>
</testsuite> <!-- Default test -->
