<?xml version="1.0" encoding="UTF-8"?>
<!-- Generated by org.testng.reporters.JUnitXMLReporter -->
<testsuite ignored="1" hostname="DESKTOP-RINF4IV" failures="0" tests="1" name="newtest" time="0.009" errors="0" timestamp="2023-08-19T12:04:50 IST">
  <testcase classname="AutomationProject.seleniumFrame.day4" name="apple" time="0.002"/>
  <testcase classname="AutomationProject.seleniumFrame.day4" name="weekDay" time="0.0">
    <ignored/>
  </testcase> <!-- weekDay -->
</testsuite> <!-- newtest -->
